#
# A fatal error has been detected by the Java Runtime Environment:
#
#  SIGSEGV (0xb) at pc=0x00007f50f09c1401, pid=4952, tid=4983
#
# JRE version: OpenJDK Runtime Environment (11.0.6+10) (build 11.0.6+10-post-Ubuntu-1ubuntu118.04.1)
# Java VM: OpenJDK 64-Bit Server VM (11.0.6+10-post-Ubuntu-1ubuntu118.04.1, mixed mode, tiered, compressed oops, g1 gc, linux-amd64)
# Problematic frame:
# C  [libjimage.so+0x2401]
#
# Core dump will be written. Default location: Core dumps may be processed with "/usr/share/apport/apport %p %s %c %d %P" (or dumping to /home/semen/IdeaProjects/adminPTask/core.4952)
#
# If you would like to submit a bug report, please visit:
#   https://bugs.launchpad.net/ubuntu/+source/openjdk-lts
#

---------------  S U M M A R Y ------------

Command Line: -XX:MaxMetaspaceSize=256m -XX:+HeapDumpOnOutOfMemoryError -agentlib:jdwp=transport=dt_socket,server=n,suspend=y,address=127.0.0.1:32979 --add-opens=java.base/java.util=ALL-UNNAMED --add-opens=java.base/java.lang=ALL-UNNAMED --add-opens=java.base/java.lang.invoke=ALL-UNNAMED --add-opens=java.prefs/java.util.prefs=ALL-UNNAMED -Xms256m -Xmx512m -Dfile.encoding=UTF-8 -Duser.country=US -Duser.language=en -Duser.variant org.gradle.launcher.daemon.bootstrap.GradleDaemon 6.1

Host: AMD Athlon(tm) 64 X2 Dual Core Processor 5000+, 2 cores, 3G, Ubuntu 18.04.3 LTS
Time: Tue Feb 18 18:29:37 2020 +03 elapsed time: 167 seconds (0d 0h 2m 47s)

---------------  T H R E A D  ---------------

Current thread (0x00007f50b0015800):  JavaThread "Daemon worker" [_thread_in_vm, id=4983, stack(0x00007f50ad59e000,0x00007f50ad69f000)]

Stack: [0x00007f50ad59e000,0x00007f50ad69f000],  sp=0x00007f50ad696ae0,  free space=994k
Native frames: (J=compiled Java code, A=aot compiled Java code, j=interpreted, Vv=VM code, C=native code)
C  [libjimage.so+0x2401]
C  [libjimage.so+0x30ea]
C  [libjimage.so+0x35c6]  JIMAGE_FindResource+0xd6
V  [libjvm.so+0x59098e]
V  [libjvm.so+0x5936f0]
V  [libjvm.so+0xd49c05]
V  [libjvm.so+0xd4759a]
V  [libjvm.so+0xd4a192]
V  [libjvm.so+0x8fac60]
V  [libjvm.so+0x8c0bbe]
C  [libjava.so+0x1ba8d]  JNU_NewObjectByName+0x7d
C  [libjava.so+0x1d6ab]  JNU_ThrowByNameWithMessageAndLastError+0x1cb
C  [libnet.so+0xc7a3]  Java_java_net_PlainSocketImpl_socketConnect+0x533
j  java.net.PlainSocketImpl.socketConnect(Ljava/net/InetAddress;II)V+0 java.base@11.0.6
j  java.net.AbstractPlainSocketImpl.doConnect(Ljava/net/InetAddress;II)V+64 java.base@11.0.6
j  java.net.AbstractPlainSocketImpl.connectToAddress(Ljava/net/InetAddress;II)V+23 java.base@11.0.6
j  java.net.AbstractPlainSocketImpl.connect(Ljava/net/SocketAddress;I)V+78 java.base@11.0.6
j  java.net.SocksSocketImpl.connect(Ljava/net/SocketAddress;I)V+381 java.base@11.0.6
j  java.net.Socket.connect(Ljava/net/SocketAddress;I)V+179 java.base@11.0.6
j  java.net.Socket.connect(Ljava/net/SocketAddress;)V+3 java.base@11.0.6
j  java.net.Socket.<init>(Ljava/net/SocketAddress;Ljava/net/SocketAddress;Z)V+82 java.base@11.0.6
j  java.net.Socket.<init>(Ljava/lang/String;I)V+34 java.base@11.0.6
j  com.intellij.openapi.externalSystem.rt.execution.ForkedDebuggerHelper.send(Ljava/lang/String;Ljava/lang/String;Ljava/lang/String;I)V+7
j  com.intellij.openapi.externalSystem.rt.execution.ForkedDebuggerHelper.signalizeFinish(Ljava/lang/String;Ljava/lang/String;I)V+5
j  com.intellij.openapi.externalSystem.rt.execution.ForkedDebuggerHelper$signalizeFinish$0.call(Ljava/lang/Object;[Ljava/lang/Object;)Ljava/lang/Object;+27
j  org.codehaus.groovy.runtime.callsite.CallSiteArray.defaultCall(Lorg/codehaus/groovy/runtime/callsite/CallSite;Ljava/lang/Object;[Ljava/lang/Object;)Ljava/lang/Object;+8
j  org.codehaus.groovy.runtime.callsite.AbstractCallSite.call(Ljava/lang/Object;[Ljava/lang/Object;)Ljava/lang/Object;+3
j  org.codehaus.groovy.runtime.callsite.AbstractCallSite.call(Ljava/lang/Object;Ljava/lang/Object;Ljava/lang/Object;Ljava/lang/Object;)Ljava/lang/Object;+42
j  ijresolvers7_ca1pk7t6jxs2rc7mrn5g0mvfw$_run_closure3.doCall(Lorg/gradle/api/Task;)Ljava/lang/Object;+34
v  ~StubRoutines::call_stub
V  [libjvm.so+0x8493b9]
V  [libjvm.so+0xc6fcb6]
V  [libjvm.so+0xc70cc2]
V  [libjvm.so+0x8fadbc]  JVM_InvokeMethod+0xfc
J 1924  jdk.internal.reflect.NativeMethodAccessorImpl.invoke0(Ljava/lang/reflect/Method;Ljava/lang/Object;[Ljava/lang/Object;)Ljava/lang/Object; java.base@11.0.6 (0 bytes) @ 0x00007f50dc49432d [0x00007f50dc494240+0x00000000000000ed]
J 1923 c1 jdk.internal.reflect.NativeMethodAccessorImpl.invoke(Ljava/lang/Object;[Ljava/lang/Object;)Ljava/lang/Object; java.base@11.0.6 (104 bytes) @ 0x00007f50d52560bc [0x00007f50d52554c0+0x0000000000000bfc]
J 1808 c1 jdk.internal.reflect.DelegatingMethodAccessorImpl.invoke(Ljava/lang/Object;[Ljava/lang/Object;)Ljava/lang/Object; java.base@11.0.6 (10 bytes) @ 0x00007f50d5219ffc [0x00007f50d5219ee0+0x000000000000011c]
J 5096 c1 org.codehaus.groovy.reflection.CachedMethod.invoke(Ljava/lang/Object;[Ljava/lang/Object;)Ljava/lang/Object; (80 bytes) @ 0x00007f50d5a06754 [0x00007f50d5a06260+0x00000000000004f4]
j  groovy.lang.MetaMethod.doMethodInvoke(Ljava/lang/Object;[Ljava/lang/Object;)Ljava/lang/Object;+9
j  org.codehaus.groovy.runtime.metaclass.ClosureMetaClass.invokeMethod(Ljava/lang/Class;Ljava/lang/Object;Ljava/lang/String;[Ljava/lang/Object;ZZ)Ljava/lang/Object;+225
j  groovy.lang.MetaClassImpl.invokeMethod(Ljava/lang/Object;Ljava/lang/String;[Ljava/lang/Object;)Ljava/lang/Object;+10
j  groovy.lang.Closure.call([Ljava/lang/Object;)Ljava/lang/Object;+8
j  org.gradle.listener.ClosureBackedMethodInvocationDispatch.dispatch(Lorg/gradle/internal/dispatch/MethodInvocation;)V+62
j  org.gradle.listener.ClosureBackedMethodInvocationDispatch.dispatch(Ljava/lang/Object;)V+5
J 4797 c1 org.gradle.internal.event.AbstractBroadcastDispatch.dispatch(Lorg/gradle/internal/dispatch/MethodInvocation;Lorg/gradle/internal/dispatch/Dispatch;)V (53 bytes) @ 0x00007f50d59843bc [0x00007f50d59842a0+0x000000000000011c]
J 3879 c1 org.gradle.internal.event.BroadcastDispatch$SingletonDispatch.dispatch(Ljava/lang/Object;)V (9 bytes) @ 0x00007f50d5757694 [0x00007f50d5757460+0x0000000000000234]
J 4650 c1 org.gradle.internal.event.AbstractBroadcastDispatch.dispatch(Lorg/gradle/internal/dispatch/MethodInvocation;Ljava/util/Iterator;)V (191 bytes) @ 0x00007f50d590335c [0x00007f50d5902fa0+0x00000000000003bc]
J 6151 c1 org.gradle.internal.event.BroadcastDispatch$CompositeDispatch.dispatch(Ljava/lang/Object;)V (9 bytes) @ 0x00007f50d5ba9f1c [0x00007f50d5ba9e60+0x00000000000000bc]
J 5111 c1 org.gradle.internal.event.ListenerBroadcast.dispatch(Ljava/lang/Object;)V (9 bytes) @ 0x00007f50d5a0b88c [0x00007f50d5a0b5e0+0x00000000000002ac]
J 6036 c1 org.gradle.internal.dispatch.ProxyDispatchAdapter$DispatchingInvocationHandler.invoke(Ljava/lang/Object;Ljava/lang/reflect/Method;[Ljava/lang/Object;)Ljava/lang/Object; (184 bytes) @ 0x00007f50d5b8342c [0x00007f50d5b82b60+0x00000000000008cc]
j  com.sun.proxy.$Proxy61.afterExecute(Lorg/gradle/api/Task;Lorg/gradle/api/tasks/TaskState;)V+20
j  org.gradle.api.internal.tasks.execution.EventFiringTaskExecuter$1.executeTask(Lorg/gradle/internal/operations/BuildOperationContext;)Lorg/gradle/api/internal/tasks/TaskExecuterResult;+221
j  org.gradle.api.internal.tasks.execution.EventFiringTaskExecuter$1.call(Lorg/gradle/internal/operations/BuildOperationContext;)Lorg/gradle/api/internal/tasks/TaskExecuterResult;+2
j  org.gradle.api.internal.tasks.execution.EventFiringTaskExecuter$1.call(Lorg/gradle/internal/operations/BuildOperationContext;)Ljava/lang/Object;+2
j  org.gradle.internal.operations.DefaultBuildOperationExecutor$CallableBuildOperationWorker.execute(Lorg/gradle/internal/operations/CallableBuildOperation;Lorg/gradle/internal/operations/BuildOperationContext;)V+3
j  org.gradle.internal.operations.DefaultBuildOperationExecutor$CallableBuildOperationWorker.execute(Lorg/gradle/internal/operations/BuildOperation;Lorg/gradle/internal/operations/BuildOperationContext;)V+6
J 6807 c1 org.gradle.internal.operations.DefaultBuildOperationExecutor$1.execute(Lorg/gradle/internal/operations/BuildOperationDescriptor;Lorg/gradle/internal/operations/DefaultBuildOperationExecutor$DefaultBuildOperationContext;Lorg/gradle/internal/operations/DefaultBuildOperationExecutor$BuildOperationExecutionListener;)Lorg/gradle/internal/operations/BuildOperation; (82 bytes) @ 0x00007f50d5ccaf54 [0x00007f50d5ccade0+0x0000000000000174]
J 6329 c1 org.gradle.internal.operations.DefaultBuildOperationExecutor.execute(Lorg/gradle/internal/operations/BuildOperationDescriptor$Builder;Lorg/gradle/internal/operations/DefaultBuildOperationExecutor$BuildOperationState;Lorg/gradle/internal/operations/DefaultBuildOperationExecutor$BuildOperationExecution;)Lorg/gradle/internal/operations/BuildOperation; (111 bytes) @ 0x00007f50d5bee6c4 [0x00007f50d5bee1e0+0x00000000000004e4]
J 4882 c1 org.gradle.internal.operations.DefaultBuildOperationExecutor.execute(Lorg/gradle/internal/operations/BuildOperation;Lorg/gradle/internal/operations/BuildOperationWorker;Lorg/gradle/internal/operations/DefaultBuildOperationExecutor$BuildOperationState;)V (27 bytes) @ 0x00007f50d59a9c54 [0x00007f50d59a9ae0+0x0000000000000174]
j  org.gradle.internal.operations.DefaultBuildOperationExecutor.call(Lorg/gradle/internal/operations/CallableBuildOperation;)Ljava/lang/Object;+16
j  org.gradle.internal.operations.DelegatingBuildOperationExecutor.call(Lorg/gradle/internal/operations/CallableBuildOperation;)Ljava/lang/Object;+5
j  org.gradle.api.internal.tasks.execution.EventFiringTaskExecuter.execute(Lorg/gradle/api/internal/TaskInternal;Lorg/gradle/api/internal/tasks/TaskStateInternal;Lorg/gradle/api/internal/tasks/TaskExecutionContext;)Lorg/gradle/api/internal/tasks/TaskExecuterResult;+15
j  org.gradle.execution.plan.LocalTaskNodeExecutor.execute(Lorg/gradle/execution/plan/Node;Lorg/gradle/api/internal/tasks/NodeExecutionContext;)Z+68
j  org.gradle.execution.taskgraph.DefaultTaskExecutionGraph$InvokeNodeExecutorsAction.execute(Lorg/gradle/execution/plan/Node;)V+49
j  org.gradle.execution.taskgraph.DefaultTaskExecutionGraph$InvokeNodeExecutorsAction.execute(Ljava/lang/Object;)V+5
j  org.gradle.execution.taskgraph.DefaultTaskExecutionGraph$BuildOperationAwareExecutionAction.execute(Lorg/gradle/execution/plan/Node;)V+22
j  org.gradle.execution.taskgraph.DefaultTaskExecutionGraph$BuildOperationAwareExecutionAction.execute(Ljava/lang/Object;)V+5
j  org.gradle.execution.plan.DefaultPlanExecutor$ExecutorWorker.lambda$run$0(Lorg/gradle/internal/time/Timer;Ljava/util/concurrent/atomic/AtomicLong;Lorg/gradle/execution/plan/Node;)V+25
j  org.gradle.execution.plan.DefaultPlanExecutor$ExecutorWorker$$Lambda$272.execute(Ljava/lang/Object;)V+16
j  org.gradle.execution.plan.DefaultPlanExecutor$ExecutorWorker.execute(Lorg/gradle/execution/plan/Node;Lorg/gradle/internal/work/WorkerLeaseRegistry$WorkerLease;Lorg/gradle/api/Action;)V+9
j  org.gradle.execution.plan.DefaultPlanExecutor$ExecutorWorker.executeNextNode(Lorg/gradle/internal/work/WorkerLeaseRegistry$WorkerLease;Lorg/gradle/api/Action;)Z+52
j  org.gradle.execution.plan.DefaultPlanExecutor$ExecutorWorker.run()V+39
j  org.gradle.execution.plan.DefaultPlanExecutor.process(Lorg/gradle/execution/plan/ExecutionPlan;Ljava/util/Collection;Lorg/gradle/api/Action;)V+81
j  org.gradle.execution.taskgraph.DefaultTaskExecutionGraph.executeWithServices(Lorg/gradle/execution/ProjectExecutionServiceRegistry;Ljava/util/Collection;)V+127
j  org.gradle.execution.taskgraph.DefaultTaskExecutionGraph.execute(Ljava/util/Collection;)V+15
j  org.gradle.execution.SelectedTaskExecutionAction.execute(Lorg/gradle/execution/BuildExecutionContext;Ljava/util/Collection;)V+53
j  org.gradle.execution.DefaultBuildWorkExecutor.execute(Lorg/gradle/api/internal/GradleInternal;ILjava/util/Collection;)V+39
j  org.gradle.execution.DefaultBuildWorkExecutor.access$000(Lorg/gradle/execution/DefaultBuildWorkExecutor;Lorg/gradle/api/internal/GradleInternal;ILjava/util/Collection;)V+4
j  org.gradle.execution.DefaultBuildWorkExecutor$1.proceed()V+18
j  org.gradle.execution.DryRunBuildExecutionAction.execute(Lorg/gradle/execution/BuildExecutionContext;Ljava/util/Collection;)V+123
j  org.gradle.execution.DefaultBuildWorkExecutor.execute(Lorg/gradle/api/internal/GradleInternal;ILjava/util/Collection;)V+39
j  org.gradle.execution.DefaultBuildWorkExecutor.execute(Lorg/gradle/api/internal/GradleInternal;Ljava/util/Collection;)V+4
j  org.gradle.execution.IncludedBuildLifecycleBuildWorkExecutor.execute(Lorg/gradle/api/internal/GradleInternal;Ljava/util/Collection;)V+15
j  org.gradle.execution.DeprecateUndefinedBuildWorkExecutor.execute(Lorg/gradle/api/internal/GradleInternal;Ljava/util/Collection;)V+30
j  org.gradle.execution.BuildOperationFiringBuildWorkerExecutor$ExecuteTasks.run(Lorg/gradle/internal/operations/BuildOperationContext;)V+20
j  org.gradle.internal.operations.DefaultBuildOperationExecutor$RunnableBuildOperationWorker.execute(Lorg/gradle/internal/operations/RunnableBuildOperation;Lorg/gradle/internal/operations/BuildOperationContext;)V+2
j  org.gradle.internal.operations.DefaultBuildOperationExecutor$RunnableBuildOperationWorker.execute(Lorg/gradle/internal/operations/BuildOperation;Lorg/gradle/internal/operations/BuildOperationContext;)V+6
j  org.gradle.internal.operations.DefaultBuildOperationExecutor$1.execute(Lorg/gradle/internal/operations/BuildOperationDescriptor;Lorg/gradle/internal/operations/DefaultBuildOperationExecutor$DefaultBuildOperationContext;Lorg/gradle/internal/operations/DefaultBuildOperationExecutor$BuildOperationExecutionListener;)Lorg/gradle/internal/operations/BuildOperation;+18
j  org.gradle.internal.operations.DefaultBuildOperationExecutor.execute(Lorg/gradle/internal/operations/BuildOperationDescriptor$Builder;Lorg/gradle/internal/operations/DefaultBuildOperationExecutor$BuildOperationState;Lorg/gradle/internal/operations/DefaultBuildOperationExecutor$BuildOperationExecution;)Lorg/gradle/internal/operations/BuildOperation;+105
j  org.gradle.internal.operations.DefaultBuildOperationExecutor.execute(Lorg/gradle/internal/operations/BuildOperation;Lorg/gradle/internal/operations/BuildOperationWorker;Lorg/gradle/internal/operations/DefaultBuildOperationExecutor$BuildOperationState;)V+22
j  org.gradle.internal.operations.DefaultBuildOperationExecutor.run(Lorg/gradle/internal/operations/RunnableBuildOperation;)V+10
j  org.gradle.internal.operations.DelegatingBuildOperationExecutor.run(Lorg/gradle/internal/operations/RunnableBuildOperation;)V+5
j  org.gradle.execution.BuildOperationFiringBuildWorkerExecutor.execute(Lorg/gradle/api/internal/GradleInternal;Ljava/util/Collection;)V+14
j  org.gradle.initialization.DefaultGradleLauncher.runWork()V+57
j  org.gradle.initialization.DefaultGradleLauncher.doClassicBuildStages(Lorg/gradle/initialization/DefaultGradleLauncher$Stage;)V+62
j  org.gradle.initialization.DefaultGradleLauncher.doBuildStages(Lorg/gradle/initialization/DefaultGradleLauncher$Stage;)V+45
j  org.gradle.initialization.DefaultGradleLauncher.executeTasks()Lorg/gradle/api/internal/GradleInternal;+4
j  org.gradle.internal.invocation.GradleBuildController$1.execute(Lorg/gradle/initialization/GradleLauncher;)V+1
j  org.gradle.internal.invocation.GradleBuildController$1.execute(Ljava/lang/Object;)V+5
j  org.gradle.internal.invocation.GradleBuildController$3.create()Lorg/gradle/api/internal/GradleInternal;+31
...<more frames>...

Java frames: (J=compiled Java code, j=interpreted, Vv=VM code)
j  java.net.PlainSocketImpl.socketConnect(Ljava/net/InetAddress;II)V+0 java.base@11.0.6
j  java.net.AbstractPlainSocketImpl.doConnect(Ljava/net/InetAddress;II)V+64 java.base@11.0.6
j  java.net.AbstractPlainSocketImpl.connectToAddress(Ljava/net/InetAddress;II)V+23 java.base@11.0.6
j  java.net.AbstractPlainSocketImpl.connect(Ljava/net/SocketAddress;I)V+78 java.base@11.0.6
j  java.net.SocksSocketImpl.connect(Ljava/net/SocketAddress;I)V+381 java.base@11.0.6
j  java.net.Socket.connect(Ljava/net/SocketAddress;I)V+179 java.base@11.0.6
j  java.net.Socket.connect(Ljava/net/SocketAddress;)V+3 java.base@11.0.6
j  java.net.Socket.<init>(Ljava/net/SocketAddress;Ljava/net/SocketAddress;Z)V+82 java.base@11.0.6
j  java.net.Socket.<init>(Ljava/lang/String;I)V+34 java.base@11.0.6
j  com.intellij.openapi.externalSystem.rt.execution.ForkedDebuggerHelper.send(Ljava/lang/String;Ljava/lang/String;Ljava/lang/String;I)V+7
j  com.intellij.openapi.externalSystem.rt.execution.ForkedDebuggerHelper.signalizeFinish(Ljava/lang/String;Ljava/lang/String;I)V+5
j  com.intellij.openapi.externalSystem.rt.execution.ForkedDebuggerHelper$signalizeFinish$0.call(Ljava/lang/Object;[Ljava/lang/Object;)Ljava/lang/Object;+27
j  org.codehaus.groovy.runtime.callsite.CallSiteArray.defaultCall(Lorg/codehaus/groovy/runtime/callsite/CallSite;Ljava/lang/Object;[Ljava/lang/Object;)Ljava/lang/Object;+8
j  org.codehaus.groovy.runtime.callsite.AbstractCallSite.call(Ljava/lang/Object;[Ljava/lang/Object;)Ljava/lang/Object;+3
j  org.codehaus.groovy.runtime.callsite.AbstractCallSite.call(Ljava/lang/Object;Ljava/lang/Object;Ljava/lang/Object;Ljava/lang/Object;)Ljava/lang/Object;+42
j  ijresolvers7_ca1pk7t6jxs2rc7mrn5g0mvfw$_run_closure3.doCall(Lorg/gradle/api/Task;)Ljava/lang/Object;+34
v  ~StubRoutines::call_stub
J 1924  jdk.internal.reflect.NativeMethodAccessorImpl.invoke0(Ljava/lang/reflect/Method;Ljava/lang/Object;[Ljava/lang/Object;)Ljava/lang/Object; java.base@11.0.6 (0 bytes) @ 0x00007f50dc4942b7 [0x00007f50dc494240+0x0000000000000077]
J 1923 c1 jdk.internal.reflect.NativeMethodAccessorImpl.invoke(Ljava/lang/Object;[Ljava/lang/Object;)Ljava/lang/Object; java.base@11.0.6 (104 bytes) @ 0x00007f50d52560bc [0x00007f50d52554c0+0x0000000000000bfc]
J 1808 c1 jdk.internal.reflect.DelegatingMethodAccessorImpl.invoke(Ljava/lang/Object;[Ljava/lang/Object;)Ljava/lang/Object; java.base@11.0.6 (10 bytes) @ 0x00007f50d5219ffc [0x00007f50d5219ee0+0x000000000000011c]
J 5096 c1 org.codehaus.groovy.reflection.CachedMethod.invoke(Ljava/lang/Object;[Ljava/lang/Object;)Ljava/lang/Object; (80 bytes) @ 0x00007f50d5a06754 [0x00007f50d5a06260+0x00000000000004f4]
j  groovy.lang.MetaMethod.doMethodInvoke(Ljava/lang/Object;[Ljava/lang/Object;)Ljava/lang/Object;+9
j  org.codehaus.groovy.runtime.metaclass.ClosureMetaClass.invokeMethod(Ljava/lang/Class;Ljava/lang/Object;Ljava/lang/String;[Ljava/lang/Object;ZZ)Ljava/lang/Object;+225
j  groovy.lang.MetaClassImpl.invokeMethod(Ljava/lang/Object;Ljava/lang/String;[Ljava/lang/Object;)Ljava/lang/Object;+10
j  groovy.lang.Closure.call([Ljava/lang/Object;)Ljava/lang/Object;+8
j  org.gradle.listener.ClosureBackedMethodInvocationDispatch.dispatch(Lorg/gradle/internal/dispatch/MethodInvocation;)V+62
j  org.gradle.listener.ClosureBackedMethodInvocationDispatch.dispatch(Ljava/lang/Object;)V+5
J 4797 c1 org.gradle.internal.event.AbstractBroadcastDispatch.dispatch(Lorg/gradle/internal/dispatch/MethodInvocation;Lorg/gradle/internal/dispatch/Dispatch;)V (53 bytes) @ 0x00007f50d59843bc [0x00007f50d59842a0+0x000000000000011c]
J 3879 c1 org.gradle.internal.event.BroadcastDispatch$SingletonDispatch.dispatch(Ljava/lang/Object;)V (9 bytes) @ 0x00007f50d5757694 [0x00007f50d5757460+0x0000000000000234]
J 4650 c1 org.gradle.internal.event.AbstractBroadcastDispatch.dispatch(Lorg/gradle/internal/dispatch/MethodInvocation;Ljava/util/Iterator;)V (191 bytes) @ 0x00007f50d590335c [0x00007f50d5902fa0+0x00000000000003bc]
J 6151 c1